<?xml version="1.0" encoding="UTF-8"?>
<!-- Generated by org.testng.reporters.JUnitReportReporter -->
<testsuite hostname="MacBook-Pro-de-Emiliano.local" failures="0" tests="1" name="testRunners.ExcericiseRunner" time="59.106" errors="0" timestamp="2022-03-18T17:08:27 CST" skipped="0">
  <testcase classname="testRunners.ExcericiseRunner" name="runScenario" time="59.106"/>
  <system-out/>
</testsuite> <!-- testRunners.ExcericiseRunner -->
